<?xml version="1.0" encoding="UTF-8"?>
<!-- Generated by org.testng.reporters.JUnitXMLReporter -->
<testsuite ignored="0" hostname="DESKTOP-FP3M7NI" failures="0" tests="2" name="Default test" time="35.136" errors="0" timestamp="2025-01-16T20:21:13 GMT-08:00">
  <testcase classname="io.cucumber.testng.AbstractTestNGCucumberTests" name="runScenario" time="24.391"/>
  <testcase classname="io.cucumber.testng.AbstractTestNGCucumberTests" name="runScenario" time="9.671"/>
</testsuite> <!-- Default test -->
