<?xml version="1.0" encoding="UTF-8"?>
<!-- Generated by org.testng.reporters.JUnitXMLReporter -->
<testsuite ignored="0" hostname="DESKTOP-FP3M7NI" failures="1" tests="2" name="Test" time="47.056" errors="0" timestamp="2025-01-17T12:03:42 GMT-08:00">
  <testcase classname="io.cucumber.testng.AbstractTestNGCucumberTests" name="runScenario" time="26.292">
    <failure type="java.lang.AssertionError" message="expected [success] but found [failure]">
      <![CDATA[java.lang.AssertionError: expected [success] but found [failure]
at stepdefinitions.LoginTest.User_should_be_able_to_login_based_on_expected_login_status(LoginTest.java:114)
at ✽.User should be able to login based on "success" login status(file:///C:/Users/Admin/eclipse-workspace/CucumberBDDFramework/src/test/java/features/login.feature:9)
... Removed 6 stack frames]]>
    </failure>
  </testcase> <!-- runScenario -->
  <testcase classname="io.cucumber.testng.AbstractTestNGCucumberTests" name="runScenario" time="19.705"/>
</testsuite> <!-- Test -->
